This is pdfTeX, Version 3.141592653-2.6-1.40.22 (MiKTeX 21.6) (preloaded format=pdflatex 2021.9.14)  6 MAY 2022 20:26
entering extended mode
**./thesis.tex
(thesis.tex
LaTeX2e <2021-06-01>
L3 programming layer <2021-06-01>
(C:\Users\halvo\AppData\Local\Programs\MiKTeX\tex/latex/base\report.cls
Document Class: report 2021/02/12 v1.4n Standard LaTeX document class
(C:\Users\halvo\AppData\Local\Programs\MiKTeX\tex/latex/base\size10.clo
File: size10.clo 2021/02/12 v1.4n Standard LaTeX file (size option)
)
\c@part=\count182
\c@chapter=\count183
\c@section=\count184
\c@subsection=\count185
\c@subsubsection=\count186
\c@paragraph=\count187
\c@subparagraph=\count188
\c@figure=\count189
\c@table=\count190
\abovecaptionskip=\skip47
\belowcaptionskip=\skip48
\bibindent=\dimen138
)
(C:\Users\halvo\AppData\Local\Programs\MiKTeX\tex/latex/base\inputenc.sty
Package: inputenc 2021/02/14 v1.3d Input encoding file
\inpenc@prehook=\toks16
\inpenc@posthook=\toks17
)
(C:\Users\halvo\AppData\Local\Programs\MiKTeX\tex/generic/babel\babel.sty
Package: babel 2021/06/02 3.60 The Babel package

(C:\Users\halvo\AppData\Local\Programs\MiKTeX\tex/generic/babel\babel.def
File: babel.def 2021/06/02 3.60 Babel common definitions
\babel@savecnt=\count191
\U@D=\dimen139
\l@unhyphenated=\language79

(C:\Users\halvo\AppData\Local\Programs\MiKTeX\tex/generic/babel\txtbabel.def)
\bbl@readstream=\read2
)
\bbl@dirlevel=\count192

*************************************
* Local config file bblopts.cfg used
*
(C:\Users\halvo\AppData\Local\Programs\MiKTeX\tex/latex/arabi\bblopts.cfg
File: bblopts.cfg 2005/09/08 v0.1 add Arabic and Farsi to "declared" options of
 babel
)
(C:\Users\halvo\AppData\Local\Programs\MiKTeX\tex/latex/babel-english\english.l
df
Language: english 2017/06/06 v3.3r English support from the babel system
Package babel Info: Hyphen rules for 'canadian' set to \l@english
(babel)             (\language0). Reported on input line 102.
Package babel Info: Hyphen rules for 'australian' set to \l@ukenglish
(babel)             (\language73). Reported on input line 105.
Package babel Info: Hyphen rules for 'newzealand' set to \l@ukenglish
(babel)             (\language73). Reported on input line 108.
)) (duomasterforside.sty
Package: duomasterforside 2021/08/04 v1.06 UiO document class
 (duoforside.tex
(C:\Users\halvo\AppData\Local\Programs\MiKTeX\tex/latex/graphics\graphicx.sty
Package: graphicx 2020/12/05 v1.2c Enhanced LaTeX Graphics (DPC,SPQR)

(C:\Users\halvo\AppData\Local\Programs\MiKTeX\tex/latex/graphics\keyval.sty
Package: keyval 2014/10/28 v1.15 key=value parser (DPC)
\KV@toks@=\toks18
)
(C:\Users\halvo\AppData\Local\Programs\MiKTeX\tex/latex/graphics\graphics.sty
Package: graphics 2021/03/04 v1.4d Standard LaTeX Graphics (DPC,SPQR)

(C:\Users\halvo\AppData\Local\Programs\MiKTeX\tex/latex/graphics\trig.sty
Package: trig 2016/01/03 v1.10 sin cos tan (DPC)
)
(C:\Users\halvo\AppData\Local\Programs\MiKTeX\tex/latex/graphics-cfg\graphics.c
fg
File: graphics.cfg 2016/06/04 v1.11 sample graphics configuration
)
Package graphics Info: Driver file: pdftex.def on input line 107.

(C:\Users\halvo\AppData\Local\Programs\MiKTeX\tex/latex/graphics-def\pdftex.def
File: pdftex.def 2020/10/05 v1.2a Graphics/color driver for pdftex
))
\Gin@req@height=\dimen140
\Gin@req@width=\dimen141
) (C:\Users\halvo\AppData\Local\Programs\MiKTeX\tex/latex/xifthen\xifthen.sty
Package: xifthen 2015/11/05 v1.4.0 Extended ifthen features
(C:\Users\halvo\AppData\Local\Programs\MiKTeX\tex/latex/tools\calc.sty
Package: calc 2017/05/25 v4.3 Infix arithmetic (KKT,FJ)
\calc@Acount=\count193
\calc@Bcount=\count194
\calc@Adimen=\dimen142
\calc@Bdimen=\dimen143
\calc@Askip=\skip49
\calc@Bskip=\skip50
LaTeX Info: Redefining \setlength on input line 80.
LaTeX Info: Redefining \addtolength on input line 81.
\calc@Ccount=\count195
\calc@Cskip=\skip51
)
(C:\Users\halvo\AppData\Local\Programs\MiKTeX\tex/latex/base\ifthen.sty
Package: ifthen 2020/11/24 v1.1c Standard LaTeX ifthen package (DPC)
)
(C:\Users\halvo\AppData\Local\Programs\MiKTeX\tex/latex/ifmtarg\ifmtarg.sty
Package: ifmtarg 2018/04/16 v1.2b check for an empty argument
))
(C:\Users\halvo\AppData\Local\Programs\MiKTeX\tex/latex/type1cm\type1cm.sty
Package: type1cm 2002/09/05 v0.04 BlueSky/Y&Y Type1 CM font definitions (DPC, p
atched RF)
)
(C:\Users\halvo\AppData\Local\Programs\MiKTeX\tex/latex/cm-super\type1ec.sty
Package: type1ec 2002/09/07 v1.1 Type1 EC font definitions (for CM-Super fonts)


(C:\Users\halvo\AppData\Local\Programs\MiKTeX\tex/latex/base\t1cmr.fd
File: t1cmr.fd 2019/12/16 v2.5j Standard LaTeX font definitions
))
(C:\Users\halvo\AppData\Local\Programs\MiKTeX\tex/latex/url\url.sty
\Urlmuskip=\muskip16
Package: url 2013/09/16  ver 3.4  Verb mode for urls, etc.
)
\c@duo@cur@year=\count196
\c@duo@cur@month=\count197
))
(C:\Users\halvo\AppData\Local\Programs\MiKTeX\tex/latex/amsmath\amsmath.sty
Package: amsmath 2021/04/20 v2.17j AMS math features
\@mathmargin=\skip52

For additional information on amsmath, use the `?' option.
(C:\Users\halvo\AppData\Local\Programs\MiKTeX\tex/latex/amsmath\amstext.sty
Package: amstext 2000/06/29 v2.01 AMS text

(C:\Users\halvo\AppData\Local\Programs\MiKTeX\tex/latex/amsmath\amsgen.sty
File: amsgen.sty 1999/11/30 v2.0 generic functions
\@emptytoks=\toks19
\ex@=\dimen144
))
(C:\Users\halvo\AppData\Local\Programs\MiKTeX\tex/latex/amsmath\amsbsy.sty
Package: amsbsy 1999/11/29 v1.2d Bold Symbols
\pmbraise@=\dimen145
)
(C:\Users\halvo\AppData\Local\Programs\MiKTeX\tex/latex/amsmath\amsopn.sty
Package: amsopn 2016/03/08 v2.02 operator names
)
\inf@bad=\count198
LaTeX Info: Redefining \frac on input line 234.
\uproot@=\count199
\leftroot@=\count266
LaTeX Info: Redefining \overline on input line 399.
\classnum@=\count267
\DOTSCASE@=\count268
LaTeX Info: Redefining \ldots on input line 496.
LaTeX Info: Redefining \dots on input line 499.
LaTeX Info: Redefining \cdots on input line 620.
\Mathstrutbox@=\box50
\strutbox@=\box51
\big@size=\dimen146
LaTeX Font Info:    Redeclaring font encoding OML on input line 743.
LaTeX Font Info:    Redeclaring font encoding OMS on input line 744.
\macc@depth=\count269
\c@MaxMatrixCols=\count270
\dotsspace@=\muskip17
\c@parentequation=\count271
\dspbrk@lvl=\count272
\tag@help=\toks20
\row@=\count273
\column@=\count274
\maxfields@=\count275
\andhelp@=\toks21
\eqnshift@=\dimen147
\alignsep@=\dimen148
\tagshift@=\dimen149
\tagwidth@=\dimen150
\totwidth@=\dimen151
\lineht@=\dimen152
\@envbody=\toks22
\multlinegap=\skip53
\multlinetaggap=\skip54
\mathdisplay@stack=\toks23
LaTeX Info: Redefining \[ on input line 2923.
LaTeX Info: Redefining \] on input line 2924.
)
(C:\Users\halvo\AppData\Local\Programs\MiKTeX\tex/latex/amsfonts\amsfonts.sty
Package: amsfonts 2013/01/14 v3.01 Basic AMSFonts support
\symAMSa=\mathgroup4
\symAMSb=\mathgroup5
LaTeX Font Info:    Redeclaring math symbol \hbar on input line 98.
LaTeX Font Info:    Overwriting math alphabet `\mathfrak' in version `bold'
(Font)                  U/euf/m/n --> U/euf/b/n on input line 106.
)
(C:\Users\halvo\AppData\Local\Programs\MiKTeX\tex/latex/amsfonts\amssymb.sty
Package: amssymb 2013/01/14 v3.01 AMS font symbols
)
(C:\Users\halvo\AppData\Local\Programs\MiKTeX\tex/latex/listings\listings.sty
\lst@mode=\count276
\lst@gtempboxa=\box52
\lst@token=\toks24
\lst@length=\count277
\lst@currlwidth=\dimen153
\lst@column=\count278
\lst@pos=\count279
\lst@lostspace=\dimen154
\lst@width=\dimen155
\lst@newlines=\count280
\lst@lineno=\count281
\lst@maxwidth=\dimen156

(C:\Users\halvo\AppData\Local\Programs\MiKTeX\tex/latex/listings\lstmisc.sty
File: lstmisc.sty 2020/03/24 1.8d (Carsten Heinz)
\c@lstnumber=\count282
\lst@skipnumbers=\count283
\lst@framebox=\box53
)
(C:\Users\halvo\AppData\Local\Programs\MiKTeX\tex/latex/listings\listings.cfg
File: listings.cfg 2020/03/24 1.8d listings configuration
))
Package: listings 2020/03/24 1.8d (Carsten Heinz)
(C:\Users\halvo\AppData\Local\Programs\MiKTeX\tex/latex/was\gensymb.sty
Package: gensymb 2003/07/02 v1.0 (WaS)
)
(C:\Users\halvo\AppData\Local\Programs\MiKTeX\tex/latex/graphics\color.sty
Package: color 2020/02/24 v1.2b Standard LaTeX Color (DPC)

(C:\Users\halvo\AppData\Local\Programs\MiKTeX\tex/latex/graphics-cfg\color.cfg
File: color.cfg 2016/01/02 v1.6 sample color configuration
)
Package color Info: Driver file: pdftex.def on input line 149.
) (C:\Users\halvo\AppData\Local\Programs\MiKTeX\tex/latex/natbib\natbib.sty
Package: natbib 2010/09/13 8.31b (PWD, AO)
\bibhang=\skip55
\bibsep=\skip56
LaTeX Info: Redefining \cite on input line 694.
\c@NAT@ctr=\count284
)
(C:\Users\halvo\AppData\Local\Programs\MiKTeX\tex/latex/csquotes\csquotes.sty
Package: csquotes 2021-02-22 v5.2l context-sensitive quotations (JAW)

(C:\Users\halvo\AppData\Local\Programs\MiKTeX\tex/latex/etoolbox\etoolbox.sty
Package: etoolbox 2020/10/05 v2.5k e-TeX tools for LaTeX (JAW)
\etb@tempcnta=\count285
)
\csq@reset=\count286
\csq@gtype=\count287
\csq@glevel=\count288
\csq@qlevel=\count289
\csq@maxlvl=\count290
\csq@tshold=\count291
\csq@ltx@everypar=\toks25

(C:\Users\halvo\AppData\Local\Programs\MiKTeX\tex/latex/csquotes\csquotes.def
File: csquotes.def 2021-02-22 v5.2l csquotes generic definitions (JAW)
)
Package csquotes Info: Trying to load configuration file 'csquotes.cfg'...
Package csquotes Info: ... configuration file loaded successfully.

(C:\Users\halvo\AppData\Local\Programs\MiKTeX\tex/latex/csquotes\csquotes.cfg
File: csquotes.cfg 
))
Package csquotes Info: Checking for multilingual support...
Package csquotes Info: ... found 'babel' package.
Package csquotes Info: Adjusting default style.
Package csquotes Info: Redefining alias 'default' -> 'english'.

(C:\Users\halvo\AppData\Local\Programs\MiKTeX\tex/latex/l3backend\l3backend-pdf
tex.def
File: l3backend-pdftex.def 2021-05-07 L3 backend support: PDF output (pdfTeX)
\l__color_backend_stack_int=\count292
\l__pdf_internal_box=\box54
) (thesis.aux

! Package natbib Error: Bibliography not compatible with author-year citations.

(natbib)                Press <return> to continue in numerical citation style.


See the natbib package documentation for explanation.
Type  H <return>  for immediate help.
 ...                                              
                                                  
l.193 ...and\NAT@force@numbers{}\NAT@force@numbers
                                                  
Check the bibliography entries for non-compliant syntax,
or select author-year BibTeX style, e.g. plainnat

)
\openout1 = `thesis.aux'.

LaTeX Font Info:    Checking defaults for OML/cmm/m/it on input line 19.
LaTeX Font Info:    ... okay on input line 19.
LaTeX Font Info:    Checking defaults for OMS/cmsy/m/n on input line 19.
LaTeX Font Info:    ... okay on input line 19.
LaTeX Font Info:    Checking defaults for OT1/cmr/m/n on input line 19.
LaTeX Font Info:    ... okay on input line 19.
LaTeX Font Info:    Checking defaults for T1/cmr/m/n on input line 19.
LaTeX Font Info:    ... okay on input line 19.
LaTeX Font Info:    Checking defaults for TS1/cmr/m/n on input line 19.
LaTeX Font Info:    ... okay on input line 19.
LaTeX Font Info:    Checking defaults for OMX/cmex/m/n on input line 19.
LaTeX Font Info:    ... okay on input line 19.
LaTeX Font Info:    Checking defaults for U/cmr/m/n on input line 19.
LaTeX Font Info:    ... okay on input line 19.

(C:\Users\halvo\AppData\Local\Programs\MiKTeX\tex/context/base/mkii\supp-pdf.mk
ii
[Loading MPS to PDF converter (version 2006.09.02).]
\scratchcounter=\count293
\scratchdimen=\dimen157
\scratchbox=\box55
\nofMPsegments=\count294
\nofMParguments=\count295
\everyMPshowfont=\toks26
\MPscratchCnt=\count296
\MPscratchDim=\dimen158
\MPnumerator=\count297
\makeMPintoPDFobject=\count298
\everyMPtoPDFconversion=\toks27
)
(C:\Users\halvo\AppData\Local\Programs\MiKTeX\tex/latex/epstopdf-pkg\epstopdf-b
ase.sty
Package: epstopdf-base 2020-01-24 v2.11 Base part for package epstopdf
Package epstopdf-base Info: Redefining graphics rule for `.eps' on input line 4
85.

(C:\Users\halvo\AppData\Local\Programs\MiKTeX\tex/latex/00miktex\epstopdf-sys.c
fg
File: epstopdf-sys.cfg 2021/03/18 v2.0 Configuration of epstopdf for MiKTeX
))
\c@lstlisting=\count299
LaTeX Info: Redefining \celsius on input line 19.
Package gensymb Info: Faking symbols for \degree and \celsius on input line 19.



Package gensymb Warning: Not defining \perthousand.

LaTeX Info: Redefining \ohm on input line 19.
Package gensymb Info: Using \Omega for \ohm on input line 19.

Package gensymb Warning: Not defining \micro.

LaTeX Font Info:    Trying to load font information for T1+ua1 on input line 22
.
(C:\Users\halvo\AppData\Local\Programs\MiKTeX\tex/latex/arial\t1ua1.fd
File: t1ua1.fd 2006/03/21 Fontinst v1.928 font definitions for T1/ua1.
)
LaTeX Font Info:    Font shape `T1/ua1/m/sl' in size <20> not available
(Font)              Font shape `T1/ua1/m/it' tried instead on input line 22.
<DUO_UiO_segl.png, id=1, 142.3719pt x 142.3719pt>
File: DUO_UiO_segl.png Graphic file (type png)
<use DUO_UiO_segl.png>
Package pdftex.def Info: DUO_UiO_segl.png  used on input line 22.
(pdftex.def)             Requested size: 170.71652pt x 170.73027pt.

[1

{C:/Users/halvo/AppData/Local/MiKTeX/pdftex/config/pdftex.map} <./DUO_UiO_segl.
png>] [1] [1] [1] [1] (thesis.toc [1

])
\tf@toc=\write3
\openout3 = `thesis.toc'.

 [2]
Chapter 1.
[3

]
Chapter 2.
[4

] [5] [6] [7] [8] [9] [10]
Underfull \hbox (badness 10000) in paragraph at lines 149--152

 []

[11] [12] [13]
Chapter 3.
[14

] [15] [16]
<keyboard.jpg, id=81, 3550.26375pt x 1243.64626pt>
File: keyboard.jpg Graphic file (type jpg)
<use keyboard.jpg>
Package pdftex.def Info: keyboard.jpg  used on input line 226.
(pdftex.def)             Requested size: 241.49895pt x 84.5782pt.
 [17 <./keyboard.jpg>] [18] [19] [20]
<islands_vis.png, id=96, 722.7pt x 363.60844pt>
File: islands_vis.png Graphic file (type png)
<use islands_vis.png>
Package pdftex.def Info: islands_vis.png  used on input line 318.
(pdftex.def)             Requested size: 345.0pt x 173.57578pt.
<islands.png, id=97, 642.4pt x 481.8pt>
File: islands.png Graphic file (type png)
<use islands.png>
Package pdftex.def Info: islands.png  used on input line 324.
(pdftex.def)             Requested size: 345.0pt x 258.75659pt.
<even_space.png, id=98, 744.53156pt x 366.61969pt>
File: even_space.png Graphic file (type png)
<use even_space.png>
Package pdftex.def Info: even_space.png  used on input line 343.
(pdftex.def)             Requested size: 345.0pt x 169.889pt.
 [21 <./islands_vis.png>]
<even.png, id=102, 642.4pt x 481.8pt>
File: even.png Graphic file (type png)
<use even.png>
Package pdftex.def Info: even.png  used on input line 349.
(pdftex.def)             Requested size: 345.0pt x 258.75659pt.
<evenOneAgent.png, id=103, 462.528pt x 346.896pt>
File: evenOneAgent.png Graphic file (type png)
<use evenOneAgent.png>
Package pdftex.def Info: evenOneAgent.png  used on input line 355.
(pdftex.def)             Requested size: 345.0pt x 258.76335pt.
<few_agents.png, id=104, 746.03719pt x 362.10281pt>
File: few_agents.png Graphic file (type png)
<use few_agents.png>
Package pdftex.def Info: few_agents.png  used on input line 373.
(pdftex.def)             Requested size: 345.0pt x 167.44781pt.

[22 <./islands.png (PNG copy)>] [23 <./even_space.png> <./even.png (PNG copy)>]
<smallMovements.png, id=111, 642.4pt x 481.8pt>
File: smallMovements.png Graphic file (type png)
<use smallMovements.png>
Package pdftex.def Info: smallMovements.png  used on input line 392.
(pdftex.def)             Requested size: 345.0pt x 258.75659pt.
[24 <./evenOneAgent.png>]
<smallMovementsOneAgent.png, id=116, 462.528pt x 346.896pt>
File: smallMovementsOneAgent.png Graphic file (type png)
<use smallMovementsOneAgent.png>
Package pdftex.def Info: smallMovementsOneAgent.png  used on input line 398.
(pdftex.def)             Requested size: 345.0pt x 258.76335pt.
<instrument.png, id=117, 740.7675pt x 359.84438pt>
File: instrument.png Graphic file (type png)
<use instrument.png>
Package pdftex.def Info: instrument.png  used on input line 418.
(pdftex.def)             Requested size: 345.0pt x 167.59494pt.
<instrument_move.png, id=118, 727.96968pt x 365.86688pt>
File: instrument_move.png Graphic file (type png)
<use instrument_move.png>
Package pdftex.def Info: instrument_move.png  used on input line 424.
(pdftex.def)             Requested size: 345.0pt x 173.39778pt.
<swarminstrument.png, id=119, 642.4pt x 481.8pt>
File: swarminstrument.png Graphic file (type png)
<use swarminstrument.png>
Package pdftex.def Info: swarminstrument.png  used on input line 433.
(pdftex.def)             Requested size: 345.0pt x 258.75659pt.
<swarminstrumentOneAgent.png, id=120, 462.528pt x 346.896pt>
File: swarminstrumentOneAgent.png Graphic file (type png)
<use swarminstrumentOneAgent.png>
Package pdftex.def Info: swarminstrumentOneAgent.png  used on input line 439.
(pdftex.def)             Requested size: 345.0pt x 258.76335pt.
 [25 <./few_agents.png>] [26 <./smallMovements.png (PNG copy)> <./smallMovement
sOneAgent.png>] [27 <./instrument.png> <./instrument_move.png>]
<chaos_vis.png, id=132, 764.10469pt x 368.87813pt>
File: chaos_vis.png Graphic file (type png)
<use chaos_vis.png>
Package pdftex.def Info: chaos_vis.png  used on input line 458.
(pdftex.def)             Requested size: 345.0pt x 166.55084pt.
 [28 <./swarminstrument.png (PNG copy)>]
<chaos.png, id=136, 642.4pt x 481.8pt>
File: chaos.png Graphic file (type png)
<use chaos.png>
Package pdftex.def Info: chaos.png  used on input line 466.
(pdftex.def)             Requested size: 345.0pt x 258.75659pt.
<chaosOneAgent.png, id=137, 462.528pt x 346.896pt>
File: chaosOneAgent.png Graphic file (type png)
<use chaosOneAgent.png>
Package pdftex.def Info: chaosOneAgent.png  used on input line 472.
(pdftex.def)             Requested size: 345.0pt x 258.76335pt.
<zoom_vis.png, id=138, 712.91344pt x 368.87813pt>
File: zoom_vis.png Graphic file (type png)
<use zoom_vis.png>
Package pdftex.def Info: zoom_vis.png  used on input line 490.
(pdftex.def)             Requested size: 345.0pt x 178.51166pt.
 [29 <./swarminstrumentOneAgent.png>] [30 <./chaos_vis.png> <./chaos.png (PNG c
opy)>]
<zoom.png, id=146, 642.4pt x 481.8pt>
File: zoom.png Graphic file (type png)
<use zoom.png>
Package pdftex.def Info: zoom.png  used on input line 496.
(pdftex.def)             Requested size: 345.0pt x 258.75659pt.
<zoomOneAgent.png, id=147, 462.528pt x 346.896pt>
File: zoomOneAgent.png Graphic file (type png)
<use zoomOneAgent.png>
Package pdftex.def Info: zoomOneAgent.png  used on input line 502.
(pdftex.def)             Requested size: 345.0pt x 258.76335pt.
 [31 <./chaosOneAgent.png>] [32 <./zoom_vis.png> <./zoom.png (PNG copy)>] [33 <
./zoomOneAgent.png>]
Chapter 4.
[34

] [35] [36] [37] [38] [39] [40] [41] [42] [43]
Chapter 5.
[44

]
Chapter 6.
(thesis.bbl [45

] [46

]
Underfull \hbox (badness 1320) in paragraph at lines 99--102
[]\OT1/cmr/m/n/10 A. Kirke and E. Mi-randa, ``Emo-tional and multi-agent sys-te
ms in
 []

) [47] (thesis.aux)

LaTeX Warning: Label(s) may have changed. Rerun to get cross-references right.

 ) 
Here is how much of TeX's memory you used:
 6684 strings out of 478864
 100217 string characters out of 2848660
 432851 words of memory out of 3000000
 24507 multiletter control sequences out of 15000+600000
 434456 words of font info for 58 fonts, out of 8000000 for 9000
 1141 hyphenation exceptions out of 8191
 77i,7n,83p,1698b,289s stack positions out of 5000i,500n,10000p,200000b,80000s
{C:/Users/halvo/AppData/Local/Programs/MiKTeX/fonts/enc/dvips/cm-super/cm-sup
er-ts1.enc}{C:/Users/halvo/AppData/Local/Programs/MiKTeX/fonts/enc/dvips/base/8
r.enc}<C:/Users/halvo/AppData/Local/Programs/MiKTeX/fonts/type1/public/amsfonts
/cm/cmbx10.pfb><C:/Users/halvo/AppData/Local/Programs/MiKTeX/fonts/type1/public
/amsfonts/cm/cmbx12.pfb><C:/Users/halvo/AppData/Local/Programs/MiKTeX/fonts/typ
e1/public/amsfonts/cm/cmmi10.pfb><C:/Users/halvo/AppData/Local/Programs/MiKTeX/
fonts/type1/public/amsfonts/cm/cmr10.pfb><C:/Users/halvo/AppData/Local/Programs
/MiKTeX/fonts/type1/public/amsfonts/cm/cmr12.pfb><C:/Users/halvo/AppData/Local/
Programs/MiKTeX/fonts/type1/public/amsfonts/cm/cmsl12.pfb><C:/Users/halvo/AppDa
ta/Local/Programs/MiKTeX/fonts/type1/public/amsfonts/cm/cmti10.pfb><C:/Users/ha
lvo/AppData/Local/Programs/MiKTeX/fonts/type1/public/amsfonts/cm/cmtt10.pfb><C:
/Users/halvo/AppData/Local/Programs/MiKTeX/fonts/type1/public/cm-super/sfrm1000
.pfb><C:/Users/halvo/AppData/Local/Programs/MiKTeX/fonts/type1/urw/arial/ua1r8a
.pfb><C:/Users/halvo/AppData/Local/Programs/MiKTeX/fonts/type1/urw/arial/ua1ri8
a.pfb>
Output written on thesis.pdf (52 pages, 2721804 bytes).
PDF statistics:
 254 PDF objects out of 1000 (max. 8388607)
 0 named destinations out of 1000 (max. 500000)
 101 words of extra memory for PDF output out of 10000 (max. 10000000)

